c:\users\sstou\바탕 화면\learning\wsu\lectures\wsu-bit-short\0708_도서관리프로그램_202530094_오승하\0708_도서관리프로그램_202530094_오승하\x64\debug\vc143.pdb
c:\users\sstou\바탕 화면\learning\wsu\lectures\wsu-bit-short\0708_도서관리프로그램_202530094_오승하\0708_도서관리프로그램_202530094_오승하\x64\debug\vc143.idb
c:\users\sstou\바탕 화면\learning\wsu\lectures\wsu-bit-short\0708_도서관리프로그램_202530094_오승하\0708_도서관리프로그램_202530094_오승하\x64\debug\start.obj
c:\users\sstou\바탕 화면\learning\wsu\lectures\wsu-bit-short\0708_도서관리프로그램_202530094_오승하\0708_도서관리프로그램_202530094_오승하\x64\debug\print.obj
c:\users\sstou\바탕 화면\learning\wsu\lectures\wsu-bit-short\0708_도서관리프로그램_202530094_오승하\0708_도서관리프로그램_202530094_오승하\x64\debug\myarr.obj
c:\users\sstou\바탕 화면\learning\wsu\lectures\wsu-bit-short\0708_도서관리프로그램_202530094_오승하\0708_도서관리프로그램_202530094_오승하\x64\debug\file.obj
c:\users\sstou\바탕 화면\learning\wsu\lectures\wsu-bit-short\0708_도서관리프로그램_202530094_오승하\0708_도서관리프로그램_202530094_오승하\x64\debug\control.obj
c:\users\sstou\바탕 화면\learning\wsu\lectures\wsu-bit-short\0708_도서관리프로그램_202530094_오승하\0708_도서관리프로그램_202530094_오승하\x64\debug\book.obj
c:\users\sstou\바탕 화면\learning\wsu\lectures\wsu-bit-short\0708_도서관리프로그램_202530094_오승하\0708_도서관리프로그램_202530094_오승하\x64\debug\app.obj
c:\users\sstou\바탕 화면\learning\wsu\lectures\wsu-bit-short\0708_도서관리프로그램_202530094_오승하\x64\debug\0708_도서관리프로그램_202530094_오승하.exe
c:\users\sstou\바탕 화면\learning\wsu\lectures\wsu-bit-short\0708_도서관리프로그램_202530094_오승하\x64\debug\0708_도서관리프로그램_202530094_오승하.pdb
c:\users\sstou\바탕 화면\learning\wsu\lectures\wsu-bit-short\0708_도서관리프로그램_202530094_오승하\0708_도서관리프로그램_202530094_오승하\x64\debug\0708_도서관리프로그램_202530094_오승하.ilk
c:\users\sstou\바탕 화면\learning\wsu\lectures\wsu-bit-short\0708_도서관리프로그램_202530094_오승하\0708_도서관리프로그램_202530094_오승하\x64\debug\0708_도서관.2cbbc776.tlog\cl.command.1.tlog
c:\users\sstou\바탕 화면\learning\wsu\lectures\wsu-bit-short\0708_도서관리프로그램_202530094_오승하\0708_도서관리프로그램_202530094_오승하\x64\debug\0708_도서관.2cbbc776.tlog\cl.items.tlog
c:\users\sstou\바탕 화면\learning\wsu\lectures\wsu-bit-short\0708_도서관리프로그램_202530094_오승하\0708_도서관리프로그램_202530094_오승하\x64\debug\0708_도서관.2cbbc776.tlog\cl.read.1.tlog
c:\users\sstou\바탕 화면\learning\wsu\lectures\wsu-bit-short\0708_도서관리프로그램_202530094_오승하\0708_도서관리프로그램_202530094_오승하\x64\debug\0708_도서관.2cbbc776.tlog\cl.write.1.tlog
c:\users\sstou\바탕 화면\learning\wsu\lectures\wsu-bit-short\0708_도서관리프로그램_202530094_오승하\0708_도서관리프로그램_202530094_오승하\x64\debug\0708_도서관.2cbbc776.tlog\link.command.1.tlog
c:\users\sstou\바탕 화면\learning\wsu\lectures\wsu-bit-short\0708_도서관리프로그램_202530094_오승하\0708_도서관리프로그램_202530094_오승하\x64\debug\0708_도서관.2cbbc776.tlog\link.read.1.tlog
c:\users\sstou\바탕 화면\learning\wsu\lectures\wsu-bit-short\0708_도서관리프로그램_202530094_오승하\0708_도서관리프로그램_202530094_오승하\x64\debug\0708_도서관.2cbbc776.tlog\link.secondary.1.tlog
c:\users\sstou\바탕 화면\learning\wsu\lectures\wsu-bit-short\0708_도서관리프로그램_202530094_오승하\0708_도서관리프로그램_202530094_오승하\x64\debug\0708_도서관.2cbbc776.tlog\link.write.1.tlog
