c:\users\sstou\바탕 화면\learning\wsu\lectures\우송비트단기\0707_주소저장회원관리프로그램\0707_주소저장회원관리프로그램\x64\debug\vc143.pdb
c:\users\sstou\바탕 화면\learning\wsu\lectures\우송비트단기\0707_주소저장회원관리프로그램\0707_주소저장회원관리프로그램\x64\debug\vc143.idb
c:\users\sstou\바탕 화면\learning\wsu\lectures\우송비트단기\0707_주소저장회원관리프로그램\0707_주소저장회원관리프로그램\x64\debug\start.obj
c:\users\sstou\바탕 화면\learning\wsu\lectures\우송비트단기\0707_주소저장회원관리프로그램\0707_주소저장회원관리프로그램\x64\debug\print.obj
c:\users\sstou\바탕 화면\learning\wsu\lectures\우송비트단기\0707_주소저장회원관리프로그램\0707_주소저장회원관리프로그램\x64\debug\myarr.obj
c:\users\sstou\바탕 화면\learning\wsu\lectures\우송비트단기\0707_주소저장회원관리프로그램\0707_주소저장회원관리프로그램\x64\debug\member.obj
c:\users\sstou\바탕 화면\learning\wsu\lectures\우송비트단기\0707_주소저장회원관리프로그램\0707_주소저장회원관리프로그램\x64\debug\file.obj
c:\users\sstou\바탕 화면\learning\wsu\lectures\우송비트단기\0707_주소저장회원관리프로그램\0707_주소저장회원관리프로그램\x64\debug\control.obj
c:\users\sstou\바탕 화면\learning\wsu\lectures\우송비트단기\0707_주소저장회원관리프로그램\0707_주소저장회원관리프로그램\x64\debug\app.obj
c:\users\sstou\바탕 화면\learning\wsu\lectures\우송비트단기\0707_주소저장회원관리프로그램\x64\debug\0707_주소저장회원관리프로그램.exe
c:\users\sstou\바탕 화면\learning\wsu\lectures\우송비트단기\0707_주소저장회원관리프로그램\x64\debug\0707_주소저장회원관리프로그램.pdb
c:\users\sstou\바탕 화면\learning\wsu\lectures\우송비트단기\0707_주소저장회원관리프로그램\0707_주소저장회원관리프로그램\x64\debug\0707_주소저장회원관리프로그램.ilk
c:\users\sstou\바탕 화면\learning\wsu\lectures\wsu-bit-short\0707_주소저장회원관리프로그램\0707_주소저장회원관리프로그램\x64\debug\app.obj
c:\users\sstou\바탕 화면\learning\wsu\lectures\wsu-bit-short\0707_주소저장회원관리프로그램\0707_주소저장회원관리프로그램\x64\debug\control.obj
c:\users\sstou\바탕 화면\learning\wsu\lectures\wsu-bit-short\0707_주소저장회원관리프로그램\0707_주소저장회원관리프로그램\x64\debug\file.obj
c:\users\sstou\바탕 화면\learning\wsu\lectures\wsu-bit-short\0707_주소저장회원관리프로그램\0707_주소저장회원관리프로그램\x64\debug\member.obj
c:\users\sstou\바탕 화면\learning\wsu\lectures\wsu-bit-short\0707_주소저장회원관리프로그램\0707_주소저장회원관리프로그램\x64\debug\myarr.obj
c:\users\sstou\바탕 화면\learning\wsu\lectures\wsu-bit-short\0707_주소저장회원관리프로그램\0707_주소저장회원관리프로그램\x64\debug\print.obj
c:\users\sstou\바탕 화면\learning\wsu\lectures\wsu-bit-short\0707_주소저장회원관리프로그램\0707_주소저장회원관리프로그램\x64\debug\start.obj
c:\users\sstou\바탕 화면\learning\wsu\lectures\wsu-bit-short\0707_주소저장회원관리프로그램\0707_주소저장회원관리프로그램\x64\debug\0707_주소저장회원관리프로그램.ilk
c:\users\sstou\바탕 화면\learning\wsu\lectures\wsu-bit-short\0707_주소저장회원관리프로그램\0707_주소저장회원관리프로그램\x64\debug\vc143.idb
c:\users\sstou\바탕 화면\learning\wsu\lectures\wsu-bit-short\0707_주소저장회원관리프로그램\0707_주소저장회원관리프로그램\x64\debug\vc143.pdb
c:\users\sstou\바탕 화면\learning\wsu\lectures\wsu-bit-short\0707_주소저장회원관리프로그램\x64\debug\0707_주소저장회원관리프로그램.pdb
c:\users\sstou\바탕 화면\learning\wsu\lectures\wsu-bit-short\0707_주소저장회원관리프로그램\x64\debug\0707_주소저장회원관리프로그램.exe
c:\users\sstou\바탕 화면\learning\wsu\lectures\wsu-bit-short\0707_주소저장회원관리프로그램\0707_주소저장회원관리프로그램\x64\debug\0707_주소저.3ae7fa3a.tlog\cl.command.1.tlog
c:\users\sstou\바탕 화면\learning\wsu\lectures\wsu-bit-short\0707_주소저장회원관리프로그램\0707_주소저장회원관리프로그램\x64\debug\0707_주소저.3ae7fa3a.tlog\cl.items.tlog
c:\users\sstou\바탕 화면\learning\wsu\lectures\wsu-bit-short\0707_주소저장회원관리프로그램\0707_주소저장회원관리프로그램\x64\debug\0707_주소저.3ae7fa3a.tlog\cl.read.1.tlog
c:\users\sstou\바탕 화면\learning\wsu\lectures\wsu-bit-short\0707_주소저장회원관리프로그램\0707_주소저장회원관리프로그램\x64\debug\0707_주소저.3ae7fa3a.tlog\cl.write.1.tlog
c:\users\sstou\바탕 화면\learning\wsu\lectures\wsu-bit-short\0707_주소저장회원관리프로그램\0707_주소저장회원관리프로그램\x64\debug\0707_주소저.3ae7fa3a.tlog\link.command.1.tlog
c:\users\sstou\바탕 화면\learning\wsu\lectures\wsu-bit-short\0707_주소저장회원관리프로그램\0707_주소저장회원관리프로그램\x64\debug\0707_주소저.3ae7fa3a.tlog\link.read.1.tlog
c:\users\sstou\바탕 화면\learning\wsu\lectures\wsu-bit-short\0707_주소저장회원관리프로그램\0707_주소저장회원관리프로그램\x64\debug\0707_주소저.3ae7fa3a.tlog\link.secondary.1.tlog
c:\users\sstou\바탕 화면\learning\wsu\lectures\wsu-bit-short\0707_주소저장회원관리프로그램\0707_주소저장회원관리프로그램\x64\debug\0707_주소저.3ae7fa3a.tlog\link.write.1.tlog
